# JRE version: Java(TM) SE Runtime Environment (8.0_25-b18) (build 1.8.0_25-b18)
# Java VM: Java HotSpot(TM) 64-Bit Server VM (25.25-b02 mixed mode windows-amd64 compressed oops)
Heap:
 PSYoungGen      total 125952K, used 94904K [0x00000000eab00000, 0x00000000f3c80000, 0x0000000100000000)
  eden space 116224K, 73% used [0x00000000eab00000,0x00000000efe32330,0x00000000f1c80000)
  from space 9728K, 99% used [0x00000000f2980000,0x00000000f32fc070,0x00000000f3300000)
  to   space 13312K, 0% used [0x00000000f1c80000,0x00000000f1c80000,0x00000000f2980000)
 ParOldGen       total 62976K, used 13873K [0x00000000c0000000, 0x00000000c3d80000, 0x00000000eab00000)
  object space 62976K, 22% used [0x00000000c0000000,0x00000000c0d8c5d8,0x00000000c3d80000)
 Metaspace       used 34052K, capacity 35344K, committed 35456K, reserved 1079296K
  class space    used 4480K, capacity 4960K, committed 4992K, reserved 1048576K
GC Heap History (10 events):
Event: 18.364 GC heap before
{Heap before GC invocations=9 (full 1):
 PSYoungGen      total 58880K, used 49328K [0x00000000eab00000, 0x00000000f0600000, 0x0000000100000000)
  eden space 48128K, 100% used [0x00000000eab00000,0x00000000eda00000,0x00000000eda00000)
  from space 10752K, 11% used [0x00000000eda00000,0x00000000edb2c030,0x00000000ee480000)
  to   space 10752K, 0% used [0x00000000efb80000,0x00000000efb80000,0x00000000f0600000)
 ParOldGen       total 62976K, used 7526K [0x00000000c0000000, 0x00000000c3d80000, 0x00000000eab00000)
  object space 62976K, 11% used [0x00000000c0000000,0x00000000c0759a40,0x00000000c3d80000)
 Metaspace       used 23417K, capacity 24052K, committed 24320K, reserved 1071104K
  class space    used 3020K, capacity 3215K, committed 3328K, reserved 1048576K
Event: 18.371 GC heap after
Heap after GC invocations=9 (full 1):
 PSYoungGen      total 76288K, used 4111K [0x00000000eab00000, 0x00000000f0280000, 0x0000000100000000)
  eden space 69120K, 0% used [0x00000000eab00000,0x00000000eab00000,0x00000000eee80000)
  from space 7168K, 57% used [0x00000000efb80000,0x00000000eff83e58,0x00000000f0280000)
  to   space 10240K, 0% used [0x00000000eee80000,0x00000000eee80000,0x00000000ef880000)
 ParOldGen       total 62976K, used 7534K [0x00000000c0000000, 0x00000000c3d80000, 0x00000000eab00000)
  object space 62976K, 11% used [0x00000000c0000000,0x00000000c075ba40,0x00000000c3d80000)
 Metaspace       used 23417K, capacity 24052K, committed 24320K, reserved 1071104K
  class space    used 3020K, capacity 3215K, committed 3328K, reserved 1048576K
}
Event: 19.919 GC heap before
{Heap before GC invocations=10 (full 1):
 PSYoungGen      total 76288K, used 73231K [0x00000000eab00000, 0x00000000f0280000, 0x0000000100000000)
  eden space 69120K, 100% used [0x00000000eab00000,0x00000000eee80000,0x00000000eee80000)
  from space 7168K, 57% used [0x00000000efb80000,0x00000000eff83e58,0x00000000f0280000)
  to   space 10240K, 0% used [0x00000000eee80000,0x00000000eee80000,0x00000000ef880000)
 ParOldGen       total 62976K, used 7534K [0x00000000c0000000, 0x00000000c3d80000, 0x00000000eab00000)
  object space 62976K, 11% used [0x00000000c0000000,0x00000000c075ba40,0x00000000c3d80000)
 Metaspace       used 23436K, capacity 24052K, committed 24320K, reserved 1071104K
  class space    used 3020K, capacity 3215K, committed 3328K, reserved 1048576K
Event: 19.938 GC heap after
Heap after GC invocations=10 (full 1):
 PSYoungGen      total 79360K, used 3408K [0x00000000eab00000, 0x00000000f1500000, 0x0000000100000000)
  eden space 69120K, 0% used [0x00000000eab00000,0x00000000eab00000,0x00000000eee80000)
  from space 10240K, 33% used [0x00000000eee80000,0x00000000ef1d4030,0x00000000ef880000)
  to   space 9728K, 0% used [0x00000000f0b80000,0x00000000f0b80000,0x00000000f1500000)
 ParOldGen       total 62976K, used 7542K [0x00000000c0000000, 0x00000000c3d80000, 0x00000000eab00000)
  object space 62976K, 11% used [0x00000000c0000000,0x00000000c075da40,0x00000000c3d80000)
 Metaspace       used 23436K, capacity 24052K, committed 24320K, reserved 1071104K
  class space    used 3020K, capacity 3215K, committed 3328K, reserved 1048576K
}
Event: 20.382 GC heap before
{Heap before GC invocations=11 (full 1):
 PSYoungGen      total 79360K, used 72528K [0x00000000eab00000, 0x00000000f1500000, 0x0000000100000000)
  eden space 69120K, 100% used [0x00000000eab00000,0x00000000eee80000,0x00000000eee80000)
  from space 10240K, 33% used [0x00000000eee80000,0x00000000ef1d4030,0x00000000ef880000)
  to   space 9728K, 0% used [0x00000000f0b80000,0x00000000f0b80000,0x00000000f1500000)
 ParOldGen       total 62976K, used 7542K [0x00000000c0000000, 0x00000000c3d80000, 0x00000000eab00000)
  object space 62976K, 11% used [0x00000000c0000000,0x00000000c075da40,0x00000000c3d80000)
 Metaspace       used 23440K, capacity 24052K, committed 24320K, reserved 1071104K
  class space    used 3021K, capacity 3215K, committed 3328K, reserved 1048576K
Event: 20.390 GC heap after
Heap after GC invocations=11 (full 1):
 PSYoungGen      total 98816K, used 3600K [0x00000000eab00000, 0x00000000f1780000, 0x0000000100000000)
  eden space 89088K, 0% used [0x00000000eab00000,0x00000000eab00000,0x00000000f0200000)
  from space 9728K, 37% used [0x00000000f0b80000,0x00000000f0f04050,0x00000000f1500000)
  to   space 9728K, 0% used [0x00000000f0200000,0x00000000f0200000,0x00000000f0b80000)
 ParOldGen       total 62976K, used 7550K [0x00000000c0000000, 0x00000000c3d80000, 0x00000000eab00000)
  object space 62976K, 11% used [0x00000000c0000000,0x00000000c075fa40,0x00000000c3d80000)
 Metaspace       used 23440K, capacity 24052K, committed 24320K, reserved 1071104K
  class space    used 3021K, capacity 3215K, committed 3328K, reserved 1048576K
}
Event: 24.238 GC heap before
{Heap before GC invocations=12 (full 1):
 PSYoungGen      total 98816K, used 92688K [0x00000000eab00000, 0x00000000f1780000, 0x0000000100000000)
  eden space 89088K, 100% used [0x00000000eab00000,0x00000000f0200000,0x00000000f0200000)
  from space 9728K, 37% used [0x00000000f0b80000,0x00000000f0f04050,0x00000000f1500000)
  to   space 9728K, 0% used [0x00000000f0200000,0x00000000f0200000,0x00000000f0b80000)
 ParOldGen       total 62976K, used 7550K [0x00000000c0000000, 0x00000000c3d80000, 0x00000000eab00000)
  object space 62976K, 11% used [0x00000000c0000000,0x00000000c075fa40,0x00000000c3d80000)
 Metaspace       used 23878K, capacity 24672K, committed 24832K, reserved 1071104K
  class space    used 3076K, capacity 3327K, committed 3328K, reserved 1048576K
Event: 24.305 GC heap after
Heap after GC invocations=12 (full 1):
 PSYoungGen      total 98816K, used 6018K [0x00000000eab00000, 0x00000000f3300000, 0x0000000100000000)
  eden space 89088K, 0% used [0x00000000eab00000,0x00000000eab00000,0x00000000f0200000)
  from space 9728K, 61% used [0x00000000f0200000,0x00000000f07e0bf8,0x00000000f0b80000)
  to   space 9728K, 0% used [0x00000000f2980000,0x00000000f2980000,0x00000000f3300000)
 ParOldGen       total 62976K, used 7558K [0x00000000c0000000, 0x00000000c3d80000, 0x00000000eab00000)
  object space 62976K, 12% used [0x00000000c0000000,0x00000000c0761a40,0x00000000c3d80000)
 Metaspace       used 23878K, capacity 24672K, committed 24832K, reserved 1071104K
  class space    used 3076K, capacity 3327K, committed 3328K, reserved 1048576K
}
Event: 28.659 GC heap before
{Heap before GC invocations=13 (full 1):
 PSYoungGen      total 98816K, used 95106K [0x00000000eab00000, 0x00000000f3300000, 0x0000000100000000)
  eden space 89088K, 100% used [0x00000000eab00000,0x00000000f0200000,0x00000000f0200000)
  from space 9728K, 61% used [0x00000000f0200000,0x00000000f07e0bf8,0x00000000f0b80000)
  to   space 9728K, 0% used [0x00000000f2980000,0x00000000f2980000,0x00000000f3300000)
 ParOldGen       total 62976K, used 7558K [0x00000000c0000000, 0x00000000c3d80000, 0x00000000eab00000)
  object space 62976K, 12% used [0x00000000c0000000,0x00000000c0761a40,0x00000000c3d80000)
 Metaspace       used 29413K, capacity 30424K, committed 30720K, reserved 1075200K
  class space    used 3878K, capacity 4247K, committed 4352K, reserved 1048576K
Event: 28.756 GC heap after
Heap after GC invocations=13 (full 1):
 PSYoungGen      total 125952K, used 9712K [0x00000000eab00000, 0x00000000f3c80000, 0x0000000100000000)
  eden space 116224K, 0% used [0x00000000eab00000,0x00000000eab00000,0x00000000f1c80000)
  from space 9728K, 99% used [0x00000000f2980000,0x00000000f32fc070,0x00000000f3300000)
  to   space 13312K, 0% used [0x00000000f1c80000,0x00000000f1c80000,0x00000000f2980000)
 ParOldGen       total 62976K, used 13873K [0x00000000c0000000, 0x00000000c3d80000, 0x00000000eab00000)
  object space 62976K, 22% used [0x00000000c0000000,0x00000000c0d8c5d8,0x00000000c3d80000)
 Metaspace       used 29413K, capacity 30424K, committed 30720K, reserved 1075200K
  class space    used 3878K, capacity 4247K, committed 4352K, reserved 1048576K
}

